0 info it worked if it ends with ok
1 verbose cli [ '/home/ec2-user/.nvm/versions/node/v6.11.5/bin/node',
1 verbose cli   '/home/ec2-user/.nvm/versions/node/v6.11.5/bin/npm',
1 verbose cli   'start' ]
2 info using npm@3.10.10
3 info using node@v6.11.5
4 verbose stack Error: ENOENT: no such file or directory, open '/home/ec2-user/sapie/package.json'
4 verbose stack     at Error (native)
5 verbose cwd /home/ec2-user/sapie
6 error Linux 4.9.77-31.58.amzn1.x86_64
7 error argv "/home/ec2-user/.nvm/versions/node/v6.11.5/bin/node" "/home/ec2-user/.nvm/versions/node/v6.11.5/bin/npm" "start"
8 error node v6.11.5
9 error npm  v3.10.10
10 error path /home/ec2-user/sapie/package.json
11 error code ENOENT
12 error errno -2
13 error syscall open
14 error enoent ENOENT: no such file or directory, open '/home/ec2-user/sapie/package.json'
15 error enoent ENOENT: no such file or directory, open '/home/ec2-user/sapie/package.json'
15 error enoent This is most likely not a problem with npm itself
15 error enoent and is related to npm not being able to find a file.
16 verbose exit [ -2, true ]
